<?xml version="1.0" encoding="UTF-8"?>
<testsuite xmlns:xsi="http://www.w3.org/2001/XMLSchema-instance" xsi:noNamespaceSchemaLocation="https://maven.apache.org/surefire/maven-surefire-plugin/xsd/surefire-test-report.xsd" name="Users should be able to login" time="55.297" tests="3" errors="0" skipped="0" failures="1">
  <properties>
[...]
</properties>
  <testcase name="Login as a driver" classname="Users should be able to login" time="13.02">
    <failure message="expected:&lt;[Dashboard]&gt; but was:&lt;[Loading...]&gt;" type="org.junit.ComparisonFailure"><![CDATA[org.junit.ComparisonFailure: expected:<[Dashboard]> but was:<[Loading...]>
]]></failure>
    <system-out><![CDATA[	This is coming from BEFORE method
]]></system-out>
    <system-err><![CDATA[Starting ChromeDriver 79.0.3945.36 (3582db32b33893869b8c1339e8f4d9ed1816f143-refs/branch-heads/3945@{#614}) on port 14455
Only local connections are allowed.
Please protect ports used by ChromeDriver and related test frameworks to prevent access by malicious code.
Jan 27, 2020 4:57:45 PM org.openqa.selenium.remote.ProtocolHandshake createSession
INFO: Detected dialect: W3C
]]></system-err>
  </testcase>
  <testcase name="Login as a sales manager" classname="Users should be able to login" time="29.259"/>
  <testcase name="Login as a store manager" classname="Users should be able to login" time="13.016"/>
</testsuite>